c:\users\leon\documents\visual studio 2013\projects\irrlichttutorials\irrlicht09_meshviewer\debug\vc120.pdb
c:\users\leon\documents\visual studio 2013\projects\irrlichttutorials\irrlicht09_meshviewer\debug\vc120.idb
c:\users\leon\documents\visual studio 2013\projects\irrlichttutorials\irrlicht09_meshviewer\debug\tutcameramanager.obj
c:\users\leon\documents\visual studio 2013\projects\irrlichttutorials\irrlicht09_meshviewer\debug\tuteventreceiver.obj
c:\users\leon\documents\visual studio 2013\projects\irrlichttutorials\irrlicht09_meshviewer\debug\tutguimanager.obj
c:\users\leon\documents\visual studio 2013\projects\irrlichttutorials\irrlicht09_meshviewer\debug\main.obj
c:\users\leon\documents\visual studio 2013\projects\irrlichttutorials\irrlicht09_meshviewer\debug\tutscenemanager.obj
c:\users\leon\documents\visual studio 2013\projects\irrlichttutorials\debug\irrlicht09_meshviewer.pdb
c:\users\leon\documents\visual studio 2013\projects\irrlichttutorials\irrlicht09_meshviewer\debug\irrlicht.46e731e8.tlog\cl.command.1.tlog
c:\users\leon\documents\visual studio 2013\projects\irrlichttutorials\irrlicht09_meshviewer\debug\irrlicht.46e731e8.tlog\cl.read.1.tlog
c:\users\leon\documents\visual studio 2013\projects\irrlichttutorials\irrlicht09_meshviewer\debug\irrlicht.46e731e8.tlog\cl.write.1.tlog
c:\users\leon\documents\visual studio 2013\projects\irrlichttutorials\irrlicht09_meshviewer\debug\irrlicht.46e731e8.tlog\link.6188-cvtres.read.1.tlog
c:\users\leon\documents\visual studio 2013\projects\irrlichttutorials\irrlicht09_meshviewer\debug\irrlicht.46e731e8.tlog\link.6188-cvtres.write.1.tlog
c:\users\leon\documents\visual studio 2013\projects\irrlichttutorials\irrlicht09_meshviewer\debug\irrlicht.46e731e8.tlog\link.6188-rc.read.1.tlog
c:\users\leon\documents\visual studio 2013\projects\irrlichttutorials\irrlicht09_meshviewer\debug\irrlicht.46e731e8.tlog\link.6188-rc.write.1.tlog
c:\users\leon\documents\visual studio 2013\projects\irrlichttutorials\irrlicht09_meshviewer\debug\irrlicht.46e731e8.tlog\link.6188.read.1.tlog
c:\users\leon\documents\visual studio 2013\projects\irrlichttutorials\irrlicht09_meshviewer\debug\irrlicht.46e731e8.tlog\link.6188.write.1.tlog
c:\users\leon\documents\visual studio 2013\projects\irrlichttutorials\irrlicht09_meshviewer\debug\irrlicht.46e731e8.tlog\link.command.1.tlog
c:\users\leon\documents\visual studio 2013\projects\irrlichttutorials\irrlicht09_meshviewer\debug\irrlicht.46e731e8.tlog\link.read.1.tlog
c:\users\leon\documents\visual studio 2013\projects\irrlichttutorials\irrlicht09_meshviewer\debug\irrlicht.46e731e8.tlog\link.write.1.tlog
