Build started 5/9/2016 9:48:05 PM.
     1>Project "C:\Users\Leon\Documents\Visual Studio 2013\Projects\IrrlichtTutorials\Irrlicht09_MeshViewer\Irrlicht09_MeshViewer.vcxproj" on node 2 (Build target(s)).
     1>ClCompile:
         C:\Program Files (x86)\Microsoft Visual Studio 12.0\VC\bin\CL.exe /c /ZI /nologo /W3 /WX- /sdl /Od /Oy- /D WIN32 /D _DEBUG /D _CONSOLE /D _LIB /D _USING_V110_SDK71_ /D _UNICODE /D UNICODE /Gm /EHsc /RTC1 /MDd /GS /fp:precise /Zc:wchar_t /Zc:forScope /Fo"Debug\\" /Fd"Debug\vc120.pdb" /Gd /TP /analyze- /errorReport:prompt TutCameraManager.cpp TutEventReceiver.cpp TutSceneManager.cpp main.cpp
         main.cpp
         TutSceneManager.cpp
         Generating Code...
         Skipping... (no relevant changes detected)
         TutEventReceiver.cpp
         TutCameraManager.cpp
       Link:
         C:\Program Files (x86)\Microsoft Visual Studio 12.0\VC\bin\link.exe /ERRORREPORT:PROMPT /OUT:"C:\Users\Leon\Documents\Visual Studio 2013\Projects\IrrlichtTutorials\Debug\Irrlicht09_MeshViewer.exe" /INCREMENTAL /NOLOGO kernel32.lib user32.lib gdi32.lib winspool.lib comdlg32.lib advapi32.lib shell32.lib ole32.lib oleaut32.lib uuid.lib odbc32.lib odbccp32.lib /MANIFEST /MANIFESTUAC:"level='asInvoker' uiAccess='false'" /manifest:embed /DEBUG /PDB:"C:\Users\Leon\Documents\Visual Studio 2013\Projects\IrrlichtTutorials\Debug\Irrlicht09_MeshViewer.pdb" /SUBSYSTEM:CONSOLE,"5.01" /TLBID:1 /DYNAMICBASE /NXCOMPAT /IMPLIB:"C:\Users\Leon\Documents\Visual Studio 2013\Projects\IrrlichtTutorials\Debug\Irrlicht09_MeshViewer.lib" /MACHINE:X86 Debug\TutCameraManager.obj
         Debug\main.obj
         Debug\TutEventReceiver.obj
         Debug\TutGuiManager.obj
         Debug\TutSceneManager.obj
         Irrlicht09_MeshViewer.vcxproj -> C:\Users\Leon\Documents\Visual Studio 2013\Projects\IrrlichtTutorials\Debug\Irrlicht09_MeshViewer.exe
     1>Done Building Project "C:\Users\Leon\Documents\Visual Studio 2013\Projects\IrrlichtTutorials\Irrlicht09_MeshViewer\Irrlicht09_MeshViewer.vcxproj" (Build target(s)).

Build succeeded.

Time Elapsed 00:00:02.28
